[2022-04-16T15:38:55.618] [DEBUG] cheese - login => username:zs,password:123456
[2022-04-16T15:38:55.620] [DEBUG] cheese - zs
[2022-04-16T15:38:55.627] [DEBUG] cheese - null
[2022-04-16T15:38:55.627] [DEBUG] cheese - null
[2022-04-16T15:39:45.039] [DEBUG] cheese - login => username:admin,password:123456
[2022-04-16T15:39:45.040] [DEBUG] cheese - admin
[2022-04-16T15:39:45.044] [DEBUG] cheese - null
[2022-04-16T15:39:45.044] [DEBUG] cheese - null
[2022-04-16T17:34:31.508] [DEBUG] cheese - login => username:zs1,password:123456
[2022-04-16T17:34:31.509] [DEBUG] cheese - zs1
[2022-04-16T17:34:31.514] [DEBUG] cheese - null
[2022-04-16T17:34:31.514] [DEBUG] cheese - null
[2022-04-16T17:36:21.154] [DEBUG] cheese - login => username:zyh,password:123456
[2022-04-16T17:36:21.154] [DEBUG] cheese - zyh
[2022-04-16T17:36:21.156] [DEBUG] cheese - null
[2022-04-16T17:36:21.156] [DEBUG] cheese - null
[2022-04-16T17:37:57.225] [DEBUG] cheese - login => username:zyh,password:123456
[2022-04-16T17:37:57.226] [DEBUG] cheese - zyh
[2022-04-16T17:37:57.227] [DEBUG] cheese - null
[2022-04-16T17:37:57.227] [DEBUG] cheese - null
[2022-04-16T17:38:59.434] [DEBUG] cheese - login => username:admin,password:123456
[2022-04-16T17:38:59.435] [DEBUG] cheese - admin
[2022-04-16T17:38:59.439] [DEBUG] cheese - null
[2022-04-16T17:38:59.439] [DEBUG] cheese - null
[2022-04-16T17:40:55.978] [DEBUG] cheese - login => username:zyh123,password:123456
[2022-04-16T17:40:55.978] [DEBUG] cheese - zyh123
[2022-04-16T17:40:55.979] [DEBUG] cheese - null
[2022-04-16T17:40:55.980] [DEBUG] cheese - null
[2022-04-16T17:41:31.577] [DEBUG] cheese - login => username:zyh123456,password:123456
[2022-04-16T17:41:31.577] [DEBUG] cheese - zyh123456
[2022-04-16T17:41:31.578] [DEBUG] cheese - null
[2022-04-16T17:41:31.578] [DEBUG] cheese - null
[2022-04-16T17:41:41.202] [DEBUG] cheese - login => username:admin,password:123456
[2022-04-16T17:41:41.202] [DEBUG] cheese - admin
[2022-04-16T17:41:41.204] [DEBUG] cheese - null
[2022-04-16T17:41:41.205] [DEBUG] cheese - null
[2022-04-16T17:46:32.186] [DEBUG] cheese - login => username:zyh12345,password:asdsads
[2022-04-16T17:46:32.186] [DEBUG] cheese - zyh12345
[2022-04-16T17:46:32.188] [DEBUG] cheese - null
[2022-04-16T17:46:32.188] [DEBUG] cheese - null
[2022-04-16T17:46:41.320] [DEBUG] cheese - login => username:admin,password:123456
[2022-04-16T17:46:41.320] [DEBUG] cheese - admin
[2022-04-16T17:46:41.323] [DEBUG] cheese - null
[2022-04-16T17:46:41.323] [DEBUG] cheese - null
[2022-04-16T17:52:09.514] [DEBUG] cheese - login => username:admin,password:123456
[2022-04-16T17:52:09.514] [DEBUG] cheese - admin
[2022-04-16T17:52:09.515] [DEBUG] cheese - null
[2022-04-16T17:52:09.515] [DEBUG] cheese - null
[2022-04-16T17:54:51.643] [DEBUG] cheese - login => username:admin,password:123456
[2022-04-16T17:54:51.643] [DEBUG] cheese - admin
[2022-04-16T17:54:51.644] [DEBUG] cheese - null
[2022-04-16T17:54:51.644] [DEBUG] cheese - null
[2022-04-16T18:11:30.136] [DEBUG] cheese - login => username:admin,password:123456
[2022-04-16T18:11:30.136] [DEBUG] cheese - admin
[2022-04-16T18:11:30.138] [DEBUG] cheese - null
[2022-04-16T18:11:30.138] [DEBUG] cheese - null
[2022-04-16T18:14:15.344] [DEBUG] cheese - login => username:admin,password:123456
[2022-04-16T18:14:15.345] [DEBUG] cheese - admin
[2022-04-16T18:14:15.346] [DEBUG] cheese - null
[2022-04-16T18:14:15.346] [DEBUG] cheese - null
[2022-04-16T18:14:17.669] [DEBUG] cheese - login => username:admin,password:123456
[2022-04-16T18:14:17.669] [DEBUG] cheese - admin
[2022-04-16T18:14:17.671] [DEBUG] cheese - null
[2022-04-16T18:14:17.671] [DEBUG] cheese - null
[2022-04-16T18:14:18.436] [DEBUG] cheese - login => username:admin,password:123456
[2022-04-16T18:14:18.436] [DEBUG] cheese - admin
[2022-04-16T18:14:18.438] [DEBUG] cheese - null
[2022-04-16T18:14:18.438] [DEBUG] cheese - null
[2022-04-16T18:14:18.997] [DEBUG] cheese - login => username:admin,password:123456
[2022-04-16T18:14:18.997] [DEBUG] cheese - admin
[2022-04-16T18:14:18.998] [DEBUG] cheese - null
[2022-04-16T18:14:18.998] [DEBUG] cheese - null
[2022-04-16T18:14:19.533] [DEBUG] cheese - login => username:admin,password:123456
[2022-04-16T18:14:19.534] [DEBUG] cheese - admin
[2022-04-16T18:14:19.535] [DEBUG] cheese - null
[2022-04-16T18:14:19.535] [DEBUG] cheese - null
[2022-04-16T18:14:20.037] [DEBUG] cheese - login => username:admin,password:123456
[2022-04-16T18:14:20.037] [DEBUG] cheese - admin
[2022-04-16T18:14:20.038] [DEBUG] cheese - null
[2022-04-16T18:14:20.039] [DEBUG] cheese - null
[2022-04-16T18:14:21.542] [DEBUG] cheese - login => username:admin,password:123456
[2022-04-16T18:14:21.542] [DEBUG] cheese - admin
[2022-04-16T18:14:21.544] [DEBUG] cheese - null
[2022-04-16T18:14:21.544] [DEBUG] cheese - null
[2022-04-16T18:14:43.183] [DEBUG] cheese - login => username:admin,password:123456
[2022-04-16T18:14:43.183] [DEBUG] cheese - admin
[2022-04-16T18:14:43.184] [DEBUG] cheese - null
[2022-04-16T18:14:43.184] [DEBUG] cheese - null
[2022-04-16T18:15:07.296] [DEBUG] cheese - login => username:admin,password:123456
[2022-04-16T18:15:07.296] [DEBUG] cheese - admin
[2022-04-16T18:15:07.299] [DEBUG] cheese - null
[2022-04-16T18:15:07.299] [DEBUG] cheese - null
[2022-04-16T18:16:41.361] [DEBUG] cheese - login => username:admin,password:123456
[2022-04-16T18:16:41.361] [DEBUG] cheese - admin
[2022-04-16T18:16:41.362] [DEBUG] cheese - null
[2022-04-16T18:16:41.362] [DEBUG] cheese - null
[2022-04-16T18:18:07.256] [DEBUG] cheese - login => username:admin,password:123456
[2022-04-16T18:18:07.256] [DEBUG] cheese - admin
[2022-04-16T18:18:07.258] [DEBUG] cheese - null
[2022-04-16T18:18:07.258] [DEBUG] cheese - null
[2022-04-16T18:18:36.727] [DEBUG] cheese - login => username:admina,password:123456
[2022-04-16T18:18:36.727] [DEBUG] cheese - admina
[2022-04-16T18:18:36.728] [DEBUG] cheese - null
[2022-04-16T18:18:36.728] [DEBUG] cheese - null
[2022-04-16T18:18:40.589] [DEBUG] cheese - login => username:admin,password:123456
[2022-04-16T18:18:40.589] [DEBUG] cheese - admin
[2022-04-16T18:18:40.591] [DEBUG] cheese - null
[2022-04-16T18:18:40.591] [DEBUG] cheese - null
[2022-04-16T18:19:42.864] [DEBUG] cheese - login => username:admin,password:123456
[2022-04-16T18:19:42.864] [DEBUG] cheese - admin
[2022-04-16T18:19:42.866] [DEBUG] cheese - null
[2022-04-16T18:19:42.866] [DEBUG] cheese - null
[2022-04-16T18:20:45.256] [DEBUG] cheese - login => username:admin,password:123456
[2022-04-16T18:20:45.256] [DEBUG] cheese - admin
[2022-04-16T18:20:45.257] [DEBUG] cheese - null
[2022-04-16T18:20:45.257] [DEBUG] cheese - null
[2022-04-16T18:23:52.271] [DEBUG] cheese - login => username:admin,password:123456
[2022-04-16T18:23:52.271] [DEBUG] cheese - admin
[2022-04-16T18:23:52.273] [DEBUG] cheese - null
[2022-04-16T18:23:52.273] [DEBUG] cheese - null
[2022-04-16T18:25:42.214] [DEBUG] cheese - login => username:admin,password:123456
[2022-04-16T18:25:42.214] [DEBUG] cheese - admin
[2022-04-16T18:25:42.216] [DEBUG] cheese - null
[2022-04-16T18:25:42.216] [DEBUG] cheese - null
[2022-04-16T18:30:54.392] [DEBUG] cheese - login => username:admin,password:123456
[2022-04-16T18:30:54.392] [DEBUG] cheese - admin
[2022-04-16T18:30:54.394] [DEBUG] cheese - null
[2022-04-16T18:30:54.394] [DEBUG] cheese - null
[2022-04-16T18:33:16.423] [DEBUG] cheese - login => username:admin,password:123456
[2022-04-16T18:33:16.424] [DEBUG] cheese - admin
[2022-04-16T18:33:16.425] [DEBUG] cheese - null
[2022-04-16T18:33:16.425] [DEBUG] cheese - null
[2022-04-16T20:28:22.596] [DEBUG] cheese - login => username:admin,password:123456
[2022-04-16T20:28:22.596] [DEBUG] cheese - admin
[2022-04-16T20:28:22.600] [DEBUG] cheese - null
[2022-04-16T20:28:22.600] [DEBUG] cheese - null
[2022-04-16T20:33:10.302] [DEBUG] cheese - login => username:admin,password:123456
[2022-04-16T20:33:10.302] [DEBUG] cheese - admin
[2022-04-16T20:33:10.304] [DEBUG] cheese - null
[2022-04-16T20:33:10.304] [DEBUG] cheese - null
[2022-04-16T21:16:14.384] [DEBUG] cheese - login => username:admin,password:123456
[2022-04-16T21:16:14.384] [DEBUG] cheese - admin
[2022-04-16T21:16:14.387] [DEBUG] cheese - null
[2022-04-16T21:16:14.387] [DEBUG] cheese - null
[2022-04-16T21:18:45.480] [DEBUG] cheese - login => username:admin,password:123456
[2022-04-16T21:18:45.480] [DEBUG] cheese - admin
[2022-04-16T21:18:45.481] [DEBUG] cheese - null
[2022-04-16T21:18:45.481] [DEBUG] cheese - null
[2022-04-16T23:04:22.066] [DEBUG] cheese - login => username:admin,password:123456
[2022-04-16T23:04:22.066] [DEBUG] cheese - admin
[2022-04-16T23:04:22.070] [DEBUG] cheese - null
[2022-04-16T23:04:22.070] [DEBUG] cheese - null
[2022-04-16T23:06:26.521] [DEBUG] cheese - login => username:admin,password:123456
[2022-04-16T23:06:26.522] [DEBUG] cheese - admin
[2022-04-16T23:06:26.523] [DEBUG] cheese - null
[2022-04-16T23:06:26.523] [DEBUG] cheese - null
[2022-04-16T23:07:41.174] [DEBUG] cheese - login => username:admin,password:123456
[2022-04-16T23:07:41.174] [DEBUG] cheese - admin
[2022-04-16T23:07:41.176] [DEBUG] cheese - null
[2022-04-16T23:07:41.176] [DEBUG] cheese - null
[2022-04-16T23:20:57.559] [DEBUG] cheese - login => username:admin,password:123456
[2022-04-16T23:20:57.559] [DEBUG] cheese - admin
[2022-04-16T23:20:57.560] [DEBUG] cheese - null
[2022-04-16T23:20:57.560] [DEBUG] cheese - null
[2022-04-16T23:21:34.703] [DEBUG] cheese - login => username:admin,password:123456
[2022-04-16T23:21:34.703] [DEBUG] cheese - admin
[2022-04-16T23:21:34.704] [DEBUG] cheese - null
[2022-04-16T23:21:34.705] [DEBUG] cheese - null
[2022-04-16T23:24:29.933] [DEBUG] cheese - login => username:admin,password:123456
[2022-04-16T23:24:29.933] [DEBUG] cheese - admin
[2022-04-16T23:24:29.935] [DEBUG] cheese - null
[2022-04-16T23:24:29.935] [DEBUG] cheese - null
[2022-04-16T23:27:40.028] [DEBUG] cheese - login => username:admin,password:123456
[2022-04-16T23:27:40.028] [DEBUG] cheese - admin
[2022-04-16T23:27:40.030] [DEBUG] cheese - null
[2022-04-16T23:27:40.030] [DEBUG] cheese - null
[2022-04-16T23:32:40.349] [DEBUG] cheese - login => username:admin,password:123456
[2022-04-16T23:32:40.349] [DEBUG] cheese - admin
[2022-04-16T23:32:40.351] [DEBUG] cheese - null
[2022-04-16T23:32:40.351] [DEBUG] cheese - null
[2022-04-16T23:41:51.652] [DEBUG] cheese - login => username:admin,password:123456
[2022-04-16T23:41:51.652] [DEBUG] cheese - admin
[2022-04-16T23:41:51.654] [DEBUG] cheese - null
[2022-04-16T23:41:51.654] [DEBUG] cheese - null
[2022-04-16T23:46:30.663] [DEBUG] cheese - login => username:admin,password:123456
[2022-04-16T23:46:30.663] [DEBUG] cheese - admin
[2022-04-16T23:46:30.664] [DEBUG] cheese - null
[2022-04-16T23:46:30.664] [DEBUG] cheese - null
[2022-04-16T23:48:20.167] [DEBUG] cheese - login => username:admin,password:123456
[2022-04-16T23:48:20.167] [DEBUG] cheese - admin
[2022-04-16T23:48:20.169] [DEBUG] cheese - null
[2022-04-16T23:48:20.169] [DEBUG] cheese - null
[2022-04-16T23:48:25.814] [DEBUG] cheese - login => username:admin,password:123456
[2022-04-16T23:48:25.814] [DEBUG] cheese - admin
[2022-04-16T23:48:25.816] [DEBUG] cheese - null
[2022-04-16T23:48:25.816] [DEBUG] cheese - null
[2022-04-16T23:49:17.707] [DEBUG] cheese - login => username:admin,password:123456
[2022-04-16T23:49:17.707] [DEBUG] cheese - admin
[2022-04-16T23:49:17.708] [DEBUG] cheese - null
[2022-04-16T23:49:17.708] [DEBUG] cheese - null
[2022-04-17T17:18:35.763] [DEBUG] cheese - login => username:admin,password:123456
[2022-04-17T17:18:35.764] [DEBUG] cheese - admin
[2022-04-17T17:18:35.775] [DEBUG] cheese - null
[2022-04-17T17:18:35.775] [DEBUG] cheese - null
[2022-04-17T17:18:44.773] [DEBUG] cheese - login => username:admin,password:123456
[2022-04-17T17:18:44.773] [DEBUG] cheese - admin
[2022-04-17T17:18:44.775] [DEBUG] cheese - null
[2022-04-17T17:18:44.775] [DEBUG] cheese - null
[2022-04-17T17:19:16.828] [DEBUG] cheese - login => username:admin,password:123456
[2022-04-17T17:19:16.828] [DEBUG] cheese - admin
[2022-04-17T17:19:16.830] [DEBUG] cheese - null
[2022-04-17T17:19:16.830] [DEBUG] cheese - null
[2022-04-17T17:22:01.417] [DEBUG] cheese - login => username:admin,password:123456
[2022-04-17T17:22:01.417] [DEBUG] cheese - admin
[2022-04-17T17:22:01.419] [DEBUG] cheese - null
[2022-04-17T17:22:01.419] [DEBUG] cheese - null
[2022-04-17T17:28:49.327] [DEBUG] cheese - login => username:admin,password:123456
[2022-04-17T17:28:49.327] [DEBUG] cheese - admin
[2022-04-17T17:28:49.328] [DEBUG] cheese - null
[2022-04-17T17:28:49.328] [DEBUG] cheese - null
[2022-04-17T17:29:14.433] [DEBUG] cheese - login => username:admin,password:123456
[2022-04-17T17:29:14.433] [DEBUG] cheese - admin
[2022-04-17T17:29:14.434] [DEBUG] cheese - null
[2022-04-17T17:29:14.435] [DEBUG] cheese - null
[2022-04-17T17:29:36.927] [DEBUG] cheese - login => username:admin,password:123456
[2022-04-17T17:29:36.927] [DEBUG] cheese - admin
[2022-04-17T17:29:36.928] [DEBUG] cheese - null
[2022-04-17T17:29:36.928] [DEBUG] cheese - null
[2022-04-17T17:31:57.327] [DEBUG] cheese - login => username:admin,password:123456
[2022-04-17T17:31:57.327] [DEBUG] cheese - admin
[2022-04-17T17:31:57.329] [DEBUG] cheese - null
[2022-04-17T17:31:57.329] [DEBUG] cheese - null
[2022-04-18T11:16:42.064] [DEBUG] cheese - login => username:admin,password:123456
[2022-04-18T11:16:42.065] [DEBUG] cheese - admin
[2022-04-18T11:16:42.075] [DEBUG] cheese - null
[2022-04-18T11:16:42.075] [DEBUG] cheese - null
[2022-04-18T14:52:35.936] [DEBUG] cheese - login => username:admin,password:123456
[2022-04-18T14:52:35.937] [DEBUG] cheese - admin
[2022-04-18T14:52:35.939] [DEBUG] cheese - null
[2022-04-18T14:52:35.939] [DEBUG] cheese - null
[2022-04-18T16:58:10.651] [DEBUG] cheese - login => username:admin,password:123456
[2022-04-18T16:58:10.651] [DEBUG] cheese - admin
[2022-04-18T16:58:10.653] [DEBUG] cheese - null
[2022-04-18T16:58:10.653] [DEBUG] cheese - null
[2022-04-18T16:58:43.132] [DEBUG] cheese - login => username:admin,password:123456
[2022-04-18T16:58:43.132] [DEBUG] cheese - admin
[2022-04-18T16:58:43.134] [DEBUG] cheese - null
[2022-04-18T16:58:43.134] [DEBUG] cheese - null
[2022-04-18T17:00:54.493] [DEBUG] cheese - login => username:admin,password:123456
[2022-04-18T17:00:54.493] [DEBUG] cheese - admin
[2022-04-18T17:00:54.495] [DEBUG] cheese - null
[2022-04-18T17:00:54.495] [DEBUG] cheese - null
[2022-04-18T20:09:20.853] [DEBUG] cheese - login => username:admin,password:123456
[2022-04-18T20:09:20.853] [DEBUG] cheese - admin
[2022-04-18T20:09:20.855] [DEBUG] cheese - null
[2022-04-18T20:09:20.855] [DEBUG] cheese - null
[2022-04-18T22:53:26.709] [DEBUG] cheese - login => username:admin,password:123456
[2022-04-18T22:53:26.709] [DEBUG] cheese - admin
[2022-04-18T22:53:26.712] [DEBUG] cheese - null
[2022-04-18T22:53:26.712] [DEBUG] cheese - null
[2022-04-19T11:02:22.576] [DEBUG] cheese - login => username:admin,password:123456
[2022-04-19T11:02:22.576] [DEBUG] cheese - admin
[2022-04-19T11:02:22.584] [DEBUG] cheese - null
[2022-04-19T11:02:22.584] [DEBUG] cheese - null
[2022-04-19T15:03:40.901] [DEBUG] cheese - login => username:admin,password:123456
[2022-04-19T15:03:40.901] [DEBUG] cheese - admin
[2022-04-19T15:03:40.903] [DEBUG] cheese - null
[2022-04-19T15:03:40.903] [DEBUG] cheese - null
[2022-04-19T15:16:58.814] [DEBUG] cheese - null
[2022-04-19T15:20:35.542] [DEBUG] cheese - null
[2022-04-19T15:24:26.661] [DEBUG] cheese - null
[2022-04-19T15:24:29.900] [DEBUG] cheese - null
[2022-04-19T15:24:35.140] [DEBUG] cheese - null
[2022-04-19T16:41:17.570] [DEBUG] cheese - null
[2022-04-19T16:41:35.289] [DEBUG] cheese - null
[2022-04-19T16:46:57.000] [DEBUG] cheese - null
[2022-04-21T15:51:04.349] [DEBUG] cheese - login => username:admin,password:123456
[2022-04-21T15:51:04.350] [DEBUG] cheese - admin
[2022-04-21T15:51:04.360] [DEBUG] cheese - null
[2022-04-21T15:51:04.361] [DEBUG] cheese - null
[2022-04-22T10:37:56.646] [DEBUG] cheese - login => username:admin,password:123456
[2022-04-22T10:37:56.647] [DEBUG] cheese - admin
[2022-04-22T10:37:56.654] [DEBUG] cheese - null
[2022-04-22T10:37:56.655] [DEBUG] cheese - null
[2022-04-22T16:04:11.880] [DEBUG] cheese - login => username:admin,password:123456
[2022-04-22T16:04:11.882] [DEBUG] cheese - admin
[2022-04-22T16:04:11.885] [DEBUG] cheese - null
[2022-04-22T16:04:11.885] [DEBUG] cheese - null
[2022-04-22T17:34:30.931] [DEBUG] cheese - login => username:admin,password:123456
[2022-04-22T17:34:30.932] [DEBUG] cheese - admin
[2022-04-22T17:34:30.942] [DEBUG] cheese - null
[2022-04-22T17:34:30.943] [DEBUG] cheese - null
[2022-04-22T17:34:42.218] [DEBUG] cheese - login => username:admin,password:123456
[2022-04-22T17:34:42.219] [DEBUG] cheese - admin
[2022-04-22T17:34:42.221] [DEBUG] cheese - null
[2022-04-22T17:34:42.221] [DEBUG] cheese - null
[2022-04-23T10:33:29.195] [DEBUG] cheese - login => username:admin,password:123456
[2022-04-23T10:33:29.196] [DEBUG] cheese - admin
[2022-04-23T10:33:29.204] [DEBUG] cheese - null
[2022-04-23T10:33:29.204] [DEBUG] cheese - null
[2022-04-23T10:33:59.888] [DEBUG] cheese - login => username:admin,password:123456
[2022-04-23T10:33:59.889] [DEBUG] cheese - admin
[2022-04-23T10:33:59.891] [DEBUG] cheese - null
[2022-04-23T10:33:59.892] [DEBUG] cheese - null
[2022-04-23T18:56:51.884] [DEBUG] cheese - login => username:admin,password:123456
[2022-04-23T18:56:51.885] [DEBUG] cheese - admin
[2022-04-23T18:56:51.888] [DEBUG] cheese - null
[2022-04-23T18:56:51.888] [DEBUG] cheese - null
[2022-04-24T10:47:42.232] [DEBUG] cheese - login => username:admin,password:123456
[2022-04-24T10:47:42.233] [DEBUG] cheese - admin
[2022-04-24T10:47:42.241] [DEBUG] cheese - null
[2022-04-24T10:47:42.241] [DEBUG] cheese - null
[2022-04-24T11:47:02.868] [DEBUG] cheese - login => username:admin,password:123456
[2022-04-24T11:47:02.869] [DEBUG] cheese - admin
[2022-04-24T11:47:02.872] [DEBUG] cheese - null
[2022-04-24T11:47:02.872] [DEBUG] cheese - null
[2022-04-25T10:40:14.944] [DEBUG] cheese - login => username:admin,password:123456
[2022-04-25T10:40:14.945] [DEBUG] cheese - admin
[2022-04-25T10:40:14.954] [DEBUG] cheese - null
[2022-04-25T10:40:14.954] [DEBUG] cheese - null
[2022-04-26T10:44:55.901] [DEBUG] cheese - login => username:admin,password:123456
[2022-04-26T10:44:55.902] [DEBUG] cheese - admin
[2022-04-26T10:44:55.910] [DEBUG] cheese - null
[2022-04-26T10:44:55.910] [DEBUG] cheese - null
[2022-04-26T12:05:14.467] [DEBUG] cheese - null
[2022-04-26T12:21:59.189] [DEBUG] cheese - login => username:admin,password:123456
[2022-04-26T12:21:59.190] [DEBUG] cheese - admin
[2022-04-26T12:21:59.193] [DEBUG] cheese - null
[2022-04-26T12:21:59.193] [DEBUG] cheese - null
[2022-04-26T14:17:08.190] [DEBUG] cheese - login => username:admin,password:123456
[2022-04-26T14:17:08.191] [DEBUG] cheese - admin
[2022-04-26T14:17:08.198] [DEBUG] cheese - null
[2022-04-26T14:17:08.198] [DEBUG] cheese - null
[2022-04-26T14:20:55.333] [DEBUG] cheese - login => username:admin,password:123456
[2022-04-26T14:20:55.334] [DEBUG] cheese - admin
[2022-04-26T14:20:55.341] [DEBUG] cheese - null
[2022-04-26T14:20:55.341] [DEBUG] cheese - null
[2022-04-26T17:37:48.757] [DEBUG] cheese - login => username:admin,password:123456
[2022-04-26T17:37:48.758] [DEBUG] cheese - admin
[2022-04-26T17:37:48.760] [DEBUG] cheese - null
[2022-04-26T17:37:48.761] [DEBUG] cheese - null
[2022-04-26T17:38:31.020] [DEBUG] cheese - login => username:admin,password:123456
[2022-04-26T17:38:31.020] [DEBUG] cheese - admin
[2022-04-26T17:38:31.022] [DEBUG] cheese - null
[2022-04-26T17:38:31.022] [DEBUG] cheese - null
[2022-04-26T17:40:55.754] [DEBUG] cheese - login => username:admin,password:123456
[2022-04-26T17:40:55.754] [DEBUG] cheese - admin
[2022-04-26T17:40:55.756] [DEBUG] cheese - null
[2022-04-26T17:40:55.756] [DEBUG] cheese - null
[2022-04-26T17:41:46.300] [DEBUG] cheese - login => username:admin,password:123456
[2022-04-26T17:41:46.301] [DEBUG] cheese - admin
[2022-04-26T17:41:46.302] [DEBUG] cheese - null
[2022-04-26T17:41:46.302] [DEBUG] cheese - null
[2022-04-26T17:47:22.933] [DEBUG] cheese - login => username:admin,password:123456
[2022-04-26T17:47:22.933] [DEBUG] cheese - admin
[2022-04-26T17:47:22.934] [DEBUG] cheese - null
[2022-04-26T17:47:22.934] [DEBUG] cheese - null
[2022-04-26T18:34:52.178] [DEBUG] cheese - login => username:admin,password:123456
[2022-04-26T18:34:52.178] [DEBUG] cheese - admin
[2022-04-26T18:34:52.179] [DEBUG] cheese - null
[2022-04-26T18:34:52.179] [DEBUG] cheese - null
[2022-04-26T19:12:08.128] [DEBUG] cheese - login => username:admin,password:123456
[2022-04-26T19:12:08.128] [DEBUG] cheese - admin
[2022-04-26T19:12:08.129] [DEBUG] cheese - null
[2022-04-26T19:12:08.129] [DEBUG] cheese - null
[2022-04-27T12:31:29.886] [DEBUG] cheese - login => username:admin,password:123456
[2022-04-27T12:31:29.887] [DEBUG] cheese - admin
[2022-04-27T12:31:29.895] [DEBUG] cheese - null
[2022-04-27T12:31:29.895] [DEBUG] cheese - null
[2022-04-27T12:42:19.726] [DEBUG] cheese - login => username:admin,password:123456
[2022-04-27T12:42:19.726] [DEBUG] cheese - admin
[2022-04-27T12:42:19.729] [DEBUG] cheese - null
[2022-04-27T12:42:19.729] [DEBUG] cheese - null
[2022-04-28T14:08:47.219] [DEBUG] cheese - login => username:admin,password:123456
[2022-04-28T14:08:47.220] [DEBUG] cheese - admin
[2022-04-28T14:08:47.230] [DEBUG] cheese - null
[2022-04-28T14:08:47.230] [DEBUG] cheese - null
[2022-04-28T14:33:50.766] [DEBUG] cheese - login => username:admin,password:123456
[2022-04-28T14:33:50.766] [DEBUG] cheese - admin
[2022-04-28T14:33:50.768] [DEBUG] cheese - null
[2022-04-28T14:33:50.768] [DEBUG] cheese - null
[2022-04-28T14:40:25.918] [DEBUG] cheese - login => username:admin,password:123456
[2022-04-28T14:40:25.919] [DEBUG] cheese - admin
[2022-04-28T14:40:25.922] [DEBUG] cheese - null
[2022-04-28T14:40:25.922] [DEBUG] cheese - null
[2022-04-28T14:54:15.248] [DEBUG] cheese - login => username:admin,password:123456
[2022-04-28T14:54:15.249] [DEBUG] cheese - admin
[2022-04-28T14:54:15.251] [DEBUG] cheese - null
[2022-04-28T14:54:15.251] [DEBUG] cheese - null
[2022-04-28T15:23:00.303] [DEBUG] cheese - login => username:admin,password:123456
[2022-04-28T15:23:00.303] [DEBUG] cheese - admin
[2022-04-28T15:23:00.305] [DEBUG] cheese - null
[2022-04-28T15:23:00.305] [DEBUG] cheese - null
[2022-04-28T15:33:15.078] [DEBUG] cheese - login => username:admin,password:123456
[2022-04-28T15:33:15.078] [DEBUG] cheese - admin
[2022-04-28T15:33:15.080] [DEBUG] cheese - null
[2022-04-28T15:33:15.080] [DEBUG] cheese - null
[2022-04-29T10:32:40.983] [DEBUG] cheese - login => username:admin,password:123456
[2022-04-29T10:32:40.984] [DEBUG] cheese - admin
[2022-04-29T10:32:40.996] [DEBUG] cheese - null
[2022-04-29T10:32:40.997] [DEBUG] cheese - null
[2022-04-29T10:34:03.222] [DEBUG] cheese - login => username:admin,password:123456
[2022-04-29T10:34:03.223] [DEBUG] cheese - admin
[2022-04-29T10:34:03.225] [DEBUG] cheese - null
[2022-04-29T10:34:03.226] [DEBUG] cheese - null
[2022-04-29T10:35:25.690] [DEBUG] cheese - login => username:admin,password:123456
[2022-04-29T10:35:25.690] [DEBUG] cheese - admin
[2022-04-29T10:35:25.692] [DEBUG] cheese - null
[2022-04-29T10:35:25.692] [DEBUG] cheese - null
[2022-04-29T10:35:41.434] [DEBUG] cheese - login => username:admin,password:123456
[2022-04-29T10:35:41.434] [DEBUG] cheese - admin
[2022-04-29T10:35:41.436] [DEBUG] cheese - null
[2022-04-29T10:35:41.436] [DEBUG] cheese - null
[2022-04-29T10:40:44.388] [DEBUG] cheese - login => username:admin,password:123456
[2022-04-29T10:40:44.388] [DEBUG] cheese - admin
[2022-04-29T10:40:44.392] [DEBUG] cheese - null
[2022-04-29T10:40:44.393] [DEBUG] cheese - null
[2022-04-29T10:41:08.410] [DEBUG] cheese - login => username:admin,password:123456
[2022-04-29T10:41:08.410] [DEBUG] cheese - admin
[2022-04-29T10:41:08.413] [DEBUG] cheese - null
[2022-04-29T10:41:08.413] [DEBUG] cheese - null
[2022-04-29T10:47:34.331] [DEBUG] cheese - login => username:admin,password:123456
[2022-04-29T10:47:34.331] [DEBUG] cheese - admin
[2022-04-29T10:47:34.333] [DEBUG] cheese - null
[2022-04-29T10:47:34.334] [DEBUG] cheese - null
[2022-04-29T10:47:48.782] [DEBUG] cheese - login => username:admin,password:123456
[2022-04-29T10:47:48.783] [DEBUG] cheese - admin
[2022-04-29T10:47:48.784] [DEBUG] cheese - null
[2022-04-29T10:47:48.784] [DEBUG] cheese - null
[2022-04-29T10:49:13.817] [DEBUG] cheese - login => username:admin,password:123456
[2022-04-29T10:49:13.817] [DEBUG] cheese - admin
[2022-04-29T10:49:13.818] [DEBUG] cheese - null
[2022-04-29T10:49:13.818] [DEBUG] cheese - null
[2022-04-29T10:51:39.825] [DEBUG] cheese - login => username:admin,password:123456
[2022-04-29T10:51:39.825] [DEBUG] cheese - admin
[2022-04-29T10:51:39.826] [DEBUG] cheese - null
[2022-04-29T10:51:39.826] [DEBUG] cheese - null
[2022-05-04T19:05:04.214] [DEBUG] cheese - login => username:admin,password:123456
[2022-05-04T19:05:04.215] [DEBUG] cheese - admin
[2022-05-04T19:05:04.223] [DEBUG] cheese - null
[2022-05-04T19:05:04.224] [DEBUG] cheese - null
[2022-05-05T15:20:07.037] [DEBUG] cheese - login => username:admin,password:123456
[2022-05-05T15:20:07.038] [DEBUG] cheese - admin
[2022-05-05T15:20:07.047] [DEBUG] cheese - null
[2022-05-05T15:20:07.047] [DEBUG] cheese - null
[2022-05-05T17:01:05.025] [DEBUG] cheese - login => username:admin,password:123456
[2022-05-05T17:01:05.025] [DEBUG] cheese - admin
[2022-05-05T17:01:05.030] [DEBUG] cheese - null
[2022-05-05T17:01:05.030] [DEBUG] cheese - null
[2022-05-05T17:08:10.851] [DEBUG] cheese - login => username:admin,password:123456
[2022-05-05T17:08:10.852] [DEBUG] cheese - admin
[2022-05-05T17:08:10.855] [DEBUG] cheese - null
[2022-05-05T17:08:10.855] [DEBUG] cheese - null
[2022-05-05T17:09:39.339] [DEBUG] cheese - login => username:jsdk,password:sdasass
[2022-05-05T17:09:39.339] [DEBUG] cheese - jsdk
[2022-05-05T17:09:39.341] [DEBUG] cheese - null
[2022-05-05T17:09:39.341] [DEBUG] cheese - null
[2022-05-05T17:09:48.065] [DEBUG] cheese - login => username:admin,password:123456
[2022-05-05T17:09:48.065] [DEBUG] cheese - admin
[2022-05-05T17:09:48.067] [DEBUG] cheese - null
[2022-05-05T17:09:48.067] [DEBUG] cheese - null
[2022-05-05T17:13:53.795] [DEBUG] cheese - login => username:ask,password:sdsdssd
[2022-05-05T17:13:53.795] [DEBUG] cheese - ask
[2022-05-05T17:13:53.796] [DEBUG] cheese - null
[2022-05-05T17:13:53.796] [DEBUG] cheese - null
[2022-05-05T17:14:01.425] [DEBUG] cheese - login => username:admin,password:123456
[2022-05-05T17:14:01.425] [DEBUG] cheese - admin
[2022-05-05T17:14:01.427] [DEBUG] cheese - null
[2022-05-05T17:14:01.427] [DEBUG] cheese - null
[2022-05-05T17:20:17.068] [DEBUG] cheese - login => username:admin,password:123456
[2022-05-05T17:20:17.068] [DEBUG] cheese - admin
[2022-05-05T17:20:17.070] [DEBUG] cheese - null
[2022-05-05T17:20:17.070] [DEBUG] cheese - null
[2022-05-05T17:32:59.915] [DEBUG] cheese - login => username:admin,password:123456
[2022-05-05T17:32:59.915] [DEBUG] cheese - admin
[2022-05-05T17:32:59.918] [DEBUG] cheese - null
[2022-05-05T17:32:59.918] [DEBUG] cheese - null
[2022-05-05T17:49:34.149] [DEBUG] cheese - login => username:admin,password:123456
[2022-05-05T17:49:34.150] [DEBUG] cheese - admin
[2022-05-05T17:49:34.151] [DEBUG] cheese - null
[2022-05-05T17:49:34.151] [DEBUG] cheese - null
[2022-05-05T17:49:36.474] [DEBUG] cheese - login => username:admin,password:123456
[2022-05-05T17:49:36.474] [DEBUG] cheese - admin
[2022-05-05T17:49:36.475] [DEBUG] cheese - null
[2022-05-05T17:49:36.476] [DEBUG] cheese - null
[2022-05-05T17:49:38.497] [DEBUG] cheese - login => username:admin,password:123456
[2022-05-05T17:49:38.497] [DEBUG] cheese - admin
[2022-05-05T17:49:38.499] [DEBUG] cheese - null
[2022-05-05T17:49:38.499] [DEBUG] cheese - null
[2022-05-05T17:49:42.389] [DEBUG] cheese - login => username:admin,password:123456
[2022-05-05T17:49:42.389] [DEBUG] cheese - admin
[2022-05-05T17:49:42.390] [DEBUG] cheese - null
[2022-05-05T17:49:42.390] [DEBUG] cheese - null
[2022-05-05T17:52:29.467] [DEBUG] cheese - login => username:admin,password:123456
[2022-05-05T17:52:29.467] [DEBUG] cheese - admin
[2022-05-05T17:52:29.469] [DEBUG] cheese - null
[2022-05-05T17:52:29.469] [DEBUG] cheese - null
[2022-05-05T17:52:31.560] [DEBUG] cheese - login => username:admin,password:123456
[2022-05-05T17:52:31.560] [DEBUG] cheese - admin
[2022-05-05T17:52:31.561] [DEBUG] cheese - null
[2022-05-05T17:52:31.561] [DEBUG] cheese - null
[2022-05-05T17:56:12.980] [DEBUG] cheese - login => username:admin,password:123456
[2022-05-05T17:56:12.980] [DEBUG] cheese - admin
[2022-05-05T17:56:12.982] [DEBUG] cheese - null
[2022-05-05T17:56:12.982] [DEBUG] cheese - null
[2022-05-05T17:57:20.211] [DEBUG] cheese - login => username:admin,password:123456
[2022-05-05T17:57:20.211] [DEBUG] cheese - admin
[2022-05-05T17:57:20.212] [DEBUG] cheese - null
[2022-05-05T17:57:20.212] [DEBUG] cheese - null
[2022-05-05T18:40:08.972] [DEBUG] cheese - login => username:admin,password:123456
[2022-05-05T18:40:08.972] [DEBUG] cheese - admin
[2022-05-05T18:40:08.974] [DEBUG] cheese - null
[2022-05-05T18:40:08.974] [DEBUG] cheese - null
[2022-05-05T18:40:11.913] [DEBUG] cheese - login => username:admin,password:123456
[2022-05-05T18:40:11.913] [DEBUG] cheese - admin
[2022-05-05T18:40:11.915] [DEBUG] cheese - null
[2022-05-05T18:40:11.915] [DEBUG] cheese - null
[2022-05-05T18:40:15.059] [DEBUG] cheese - login => username:admina,password:123456
[2022-05-05T18:40:15.059] [DEBUG] cheese - admina
[2022-05-05T18:40:15.061] [DEBUG] cheese - null
[2022-05-05T18:40:15.061] [DEBUG] cheese - null
[2022-05-05T18:40:16.977] [DEBUG] cheese - login => username:admin,password:123456
[2022-05-05T18:40:16.977] [DEBUG] cheese - admin
[2022-05-05T18:40:16.979] [DEBUG] cheese - null
[2022-05-05T18:40:16.979] [DEBUG] cheese - null
[2022-05-05T22:16:03.153] [DEBUG] cheese - login => username:admin,password:123456
[2022-05-05T22:16:03.153] [DEBUG] cheese - admin
[2022-05-05T22:16:03.155] [DEBUG] cheese - null
[2022-05-05T22:16:03.155] [DEBUG] cheese - null
[2022-05-06T10:29:03.042] [DEBUG] cheese - login => username:admin,password:123456
[2022-05-06T10:29:03.043] [DEBUG] cheese - admin
[2022-05-06T10:29:03.051] [DEBUG] cheese - null
[2022-05-06T10:29:03.051] [DEBUG] cheese - null
[2022-05-06T10:29:09.023] [DEBUG] cheese - login => username:admin,password:123456
[2022-05-06T10:29:09.024] [DEBUG] cheese - admin
[2022-05-06T10:29:09.026] [DEBUG] cheese - null
[2022-05-06T10:29:09.026] [DEBUG] cheese - null
[2022-05-06T10:35:38.410] [DEBUG] cheese - login => username:admin,password:123456
[2022-05-06T10:35:38.410] [DEBUG] cheese - admin
[2022-05-06T10:35:38.412] [DEBUG] cheese - null
[2022-05-06T10:35:38.412] [DEBUG] cheese - null
[2022-05-06T10:38:56.533] [DEBUG] cheese - login => username:admin,password:123456
[2022-05-06T10:38:56.534] [DEBUG] cheese - admin
[2022-05-06T10:38:56.535] [DEBUG] cheese - null
[2022-05-06T10:38:56.536] [DEBUG] cheese - null
[2022-05-06T11:00:51.803] [DEBUG] cheese - login => username:admin,password:123456
[2022-05-06T11:00:51.803] [DEBUG] cheese - admin
[2022-05-06T11:00:51.804] [DEBUG] cheese - null
[2022-05-06T11:00:51.804] [DEBUG] cheese - null
[2022-05-06T11:12:41.533] [DEBUG] cheese - login => username:admin,password:123456
[2022-05-06T11:12:41.533] [DEBUG] cheese - admin
[2022-05-06T11:12:41.534] [DEBUG] cheese - null
[2022-05-06T11:12:41.534] [DEBUG] cheese - null
[2022-05-06T15:36:53.369] [DEBUG] cheese - login => username:admin,password:123456
[2022-05-06T15:36:53.369] [DEBUG] cheese - admin
[2022-05-06T15:36:53.370] [DEBUG] cheese - null
[2022-05-06T15:36:53.370] [DEBUG] cheese - null
[2022-05-06T17:13:18.658] [DEBUG] cheese - login => username:admin,password:123456
[2022-05-06T17:13:18.658] [DEBUG] cheese - admin
[2022-05-06T17:13:18.660] [DEBUG] cheese - null
[2022-05-06T17:13:18.660] [DEBUG] cheese - null
[2022-05-07T12:10:20.574] [DEBUG] cheese - login => username:admin,password:123456
[2022-05-07T12:10:20.575] [DEBUG] cheese - admin
[2022-05-07T12:10:20.583] [DEBUG] cheese - null
[2022-05-07T12:10:20.584] [DEBUG] cheese - null
[2022-05-07T12:11:26.185] [DEBUG] cheese - login => username:admin,password:123456
[2022-05-07T12:11:26.185] [DEBUG] cheese - admin
[2022-05-07T12:11:26.187] [DEBUG] cheese - null
[2022-05-07T12:11:26.187] [DEBUG] cheese - null
[2022-05-07T18:04:39.078] [DEBUG] cheese - login => username:admin,password:123456
[2022-05-07T18:04:39.078] [DEBUG] cheese - admin
[2022-05-07T18:04:39.081] [DEBUG] cheese - null
[2022-05-07T18:04:39.081] [DEBUG] cheese - null
[2022-05-08T10:26:50.334] [DEBUG] cheese - login => username:admin,password:123456
[2022-05-08T10:26:50.335] [DEBUG] cheese - admin
[2022-05-08T10:26:50.344] [DEBUG] cheese - null
[2022-05-08T10:26:50.344] [DEBUG] cheese - null
[2022-05-08T10:27:08.856] [DEBUG] cheese - login => username:admin,password:123456
[2022-05-08T10:27:08.856] [DEBUG] cheese - admin
[2022-05-08T10:27:08.858] [DEBUG] cheese - null
[2022-05-08T10:27:08.858] [DEBUG] cheese - null
[2022-05-08T12:33:17.336] [DEBUG] cheese - null
[2022-05-08T12:33:27.248] [DEBUG] cheese - null
[2022-05-08T14:48:32.572] [DEBUG] cheese - null
[2022-05-08T14:48:55.837] [DEBUG] cheese - null
[2022-05-08T14:49:56.747] [DEBUG] cheese - null
[2022-05-08T14:50:06.948] [DEBUG] cheese - null
[2022-05-08T15:41:53.316] [DEBUG] cheese - null
[2022-05-08T15:41:55.115] [DEBUG] cheese - null
[2022-05-08T15:47:00.195] [DEBUG] cheese - null
[2022-05-08T15:47:04.059] [DEBUG] cheese - login => username:admin,password:123456
[2022-05-08T15:47:04.059] [DEBUG] cheese - admin
[2022-05-08T15:47:04.061] [DEBUG] cheese - null
[2022-05-08T15:47:04.061] [DEBUG] cheese - null
[2022-05-08T15:47:18.003] [DEBUG] cheese - null
[2022-05-08T18:36:57.687] [DEBUG] cheese - login => username:admin,password:123456
[2022-05-08T18:36:57.687] [DEBUG] cheese - admin
[2022-05-08T18:36:57.689] [DEBUG] cheese - null
[2022-05-08T18:36:57.689] [DEBUG] cheese - null
[2022-05-09T11:14:45.774] [DEBUG] cheese - login => username:admin,password:123456
[2022-05-09T11:14:45.775] [DEBUG] cheese - admin
[2022-05-09T11:14:45.786] [DEBUG] cheese - null
[2022-05-09T11:14:45.787] [DEBUG] cheese - null
[2022-05-09T11:14:47.752] [DEBUG] cheese - login => username:admin,password:123456
[2022-05-09T11:14:47.752] [DEBUG] cheese - admin
[2022-05-09T11:14:47.754] [DEBUG] cheese - null
[2022-05-09T11:14:47.754] [DEBUG] cheese - null
[2022-05-10T13:51:10.109] [DEBUG] cheese - login => username:admin,password:123456
[2022-05-10T13:51:10.111] [DEBUG] cheese - admin
[2022-05-10T13:51:10.120] [DEBUG] cheese - null
[2022-05-10T13:51:10.120] [DEBUG] cheese - null
[2022-05-10T13:51:12.495] [DEBUG] cheese - login => username:admin,password:123456
[2022-05-10T13:51:12.495] [DEBUG] cheese - admin
[2022-05-10T13:51:12.497] [DEBUG] cheese - null
[2022-05-10T13:51:12.497] [DEBUG] cheese - null
[2022-05-10T15:33:50.611] [DEBUG] cheese - login => username:admin,password:123456
[2022-05-10T15:33:50.612] [DEBUG] cheese - admin
[2022-05-10T15:33:50.614] [DEBUG] cheese - null
[2022-05-10T15:33:50.615] [DEBUG] cheese - null
[2022-05-10T15:57:11.724] [DEBUG] cheese - login => username:admin,password:123456
[2022-05-10T15:57:11.724] [DEBUG] cheese - admin
[2022-05-10T15:57:11.727] [DEBUG] cheese - null
[2022-05-10T15:57:11.727] [DEBUG] cheese - null
[2022-05-10T16:32:18.770] [DEBUG] cheese - login => username:admin,password:123456
[2022-05-10T16:32:18.771] [DEBUG] cheese - admin
[2022-05-10T16:32:18.773] [DEBUG] cheese - null
[2022-05-10T16:32:18.773] [DEBUG] cheese - null
[2022-07-24T14:25:22.148] [DEBUG] cheese - login => username:admin,password:123456
[2022-07-24T14:25:22.148] [DEBUG] cheese - admin
[2022-07-24T14:25:22.160] [DEBUG] cheese - null
[2022-07-24T14:25:22.160] [DEBUG] cheese - null
[2022-08-17T15:12:33.991] [DEBUG] cheese - login => username:admin,password:123456
[2022-08-17T15:12:33.992] [DEBUG] cheese - admin
[2022-08-17T15:12:34.045] [DEBUG] cheese - null
[2022-08-17T15:12:34.046] [DEBUG] cheese - null
[2022-08-17T15:53:49.541] [DEBUG] cheese - login => username:admin,password:123456
[2022-08-17T15:53:49.541] [DEBUG] cheese - admin
[2022-08-17T15:53:49.543] [DEBUG] cheese - null
[2022-08-17T15:53:49.544] [DEBUG] cheese - null
[2022-08-17T15:53:55.752] [DEBUG] cheese - login => username:admin,password:123456
[2022-08-17T15:53:55.752] [DEBUG] cheese - admin
[2022-08-17T15:53:55.754] [DEBUG] cheese - null
[2022-08-17T15:53:55.754] [DEBUG] cheese - null
[2022-08-17T16:14:11.907] [DEBUG] cheese - login => username:admin,password:123456
[2022-08-17T16:14:11.907] [DEBUG] cheese - admin
[2022-08-17T16:14:11.909] [DEBUG] cheese - null
[2022-08-17T16:14:11.909] [DEBUG] cheese - null
[2022-08-17T16:17:35.899] [DEBUG] cheese - login => username:admin,password:123456
[2022-08-17T16:17:35.899] [DEBUG] cheese - admin
[2022-08-17T16:17:35.901] [DEBUG] cheese - null
[2022-08-17T16:17:35.902] [DEBUG] cheese - null
[2022-08-17T16:29:03.785] [DEBUG] cheese - login => username:admin,password:123456
[2022-08-17T16:29:03.785] [DEBUG] cheese - admin
[2022-08-17T16:29:03.787] [DEBUG] cheese - null
[2022-08-17T16:29:03.787] [DEBUG] cheese - null
